This is XeTeX, Version 3.14159265-2.6-0.99998 (TeX Live 2017) (preloaded format=xetex 2018.3.19)  19 MAR 2018 03:30
entering extended mode
 restricted \write18 enabled.
 file:line:error style messages enabled.
 %&-line parsing enabled.
**deedy-resume.cls
(./deedy-resume.cls
./deedy-resume.cls:2: Undefined control sequence.
l.2 \ProvidesClass
                  {deedy-resume}[2014/04/30 CV class]
The control sequence at the end of the top line
of your error message was never \def'ed. If you have
misspelled it (e.g., `\hobx'), type `I' and the correct
spelling (e.g., `I\hbox'). Otherwise just continue,
and I'll forget about whatever was undefined.

./deedy-resume.cls:3: Undefined control sequence.
l.3 \NeedsTeXFormat
                   {LaTeX2e}
The control sequence at the end of the top line
of your error message was never \def'ed. If you have
misspelled it (e.g., `\hobx'), type `I' and the correct
spelling (e.g., `I\hbox'). Otherwise just continue,
and I'll forget about whatever was undefined.

./deedy-resume.cls:4: Undefined control sequence.
l.4 \DeclareOption
                  {print}{\def\@cv@print{}}
The control sequence at the end of the top line
of your error message was never \def'ed. If you have
misspelled it (e.g., `\hobx'), type `I' and the correct
spelling (e.g., `I\hbox'). Otherwise just continue,
and I'll forget about whatever was undefined.

./deedy-resume.cls:5: Undefined control sequence.
l.5 \DeclareOption
                  *{
The control sequence at the end of the top line
of your error message was never \def'ed. If you have
misspelled it (e.g., `\hobx'), type `I' and the correct
spelling (e.g., `I\hbox'). Otherwise just continue,
and I'll forget about whatever was undefined.

./deedy-resume.cls:6: Undefined control sequence.
l.6   \PassOptionsToClass
                         {\CurrentOption}{article}%
The control sequence at the end of the top line
of your error message was never \def'ed. If you have
misspelled it (e.g., `\hobx'), type `I' and the correct
spelling (e.g., `I\hbox'). Otherwise just continue,
and I'll forget about whatever was undefined.

./deedy-resume.cls:6: Undefined control sequence.
l.6   \PassOptionsToClass{\CurrentOption
                                        }{article}%
The control sequence at the end of the top line
of your error message was never \def'ed. If you have
misspelled it (e.g., `\hobx'), type `I' and the correct
spelling (e.g., `I\hbox'). Otherwise just continue,
and I'll forget about whatever was undefined.

./deedy-resume.cls:8: Undefined control sequence.
l.8 \ProcessOptions
                   \relax
The control sequence at the end of the top line
of your error message was never \def'ed. If you have
misspelled it (e.g., `\hobx'), type `I' and the correct
spelling (e.g., `I\hbox'). Otherwise just continue,
and I'll forget about whatever was undefined.

./deedy-resume.cls:9: Undefined control sequence.
l.9 \LoadClass
              {article}
The control sequence at the end of the top line
of your error message was never \def'ed. If you have
misspelled it (e.g., `\hobx'), type `I' and the correct
spelling (e.g., `I\hbox'). Otherwise just continue,
and I'll forget about whatever was undefined.

./deedy-resume.cls:12: Undefined control sequence.
l.12 \usepackage
                [hmargin=1.25cm, vmargin=0.7cm]{geometry}
The control sequence at the end of the top line
of your error message was never \def'ed. If you have
misspelled it (e.g., `\hobx'), type `I' and the correct
spelling (e.g., `I\hbox'). Otherwise just continue,
and I'll forget about whatever was undefined.

./deedy-resume.cls:13: Undefined control sequence.
l.13 \usepackage
                [usenames,dvipsnames]{xcolor}
The control sequence at the end of the top line
of your error message was never \def'ed. If you have
misspelled it (e.g., `\hobx'), type `I' and the correct
spelling (e.g., `I\hbox'). Otherwise just continue,
and I'll forget about whatever was undefined.

./deedy-resume.cls:14: Undefined control sequence.
l.14 \usepackage
                [hidelinks]{hyperref}
The control sequence at the end of the top line
of your error message was never \def'ed. If you have
misspelled it (e.g., `\hobx'), type `I' and the correct
spelling (e.g., `I\hbox'). Otherwise just continue,
and I'll forget about whatever was undefined.

./deedy-resume.cls:15: Undefined control sequence.
l.15 \usepackage
                {titlesec}
The control sequence at the end of the top line
of your error message was never \def'ed. If you have
misspelled it (e.g., `\hobx'), type `I' and the correct
spelling (e.g., `I\hbox'). Otherwise just continue,
and I'll forget about whatever was undefined.

./deedy-resume.cls:16: Undefined control sequence.
l.16 \usepackage
                [absolute]{textpos}
The control sequence at the end of the top line
of your error message was never \def'ed. If you have
misspelled it (e.g., `\hobx'), type `I' and the correct
spelling (e.g., `I\hbox'). Otherwise just continue,
and I'll forget about whatever was undefined.

./deedy-resume.cls:17: Undefined control sequence.
l.17 \usepackage
                [UKenglish]{babel}
The control sequence at the end of the top line
of your error message was never \def'ed. If you have
misspelled it (e.g., `\hobx'), type `I' and the correct
spelling (e.g., `I\hbox'). Otherwise just continue,
and I'll forget about whatever was undefined.

./deedy-resume.cls:18: Undefined control sequence.
l.18 \usepackage
                [UKenglish]{isodate}
The control sequence at the end of the top line
of your error message was never \def'ed. If you have
misspelled it (e.g., `\hobx'), type `I' and the correct
spelling (e.g., `I\hbox'). Otherwise just continue,
and I'll forget about whatever was undefined.

./deedy-resume.cls:19: Undefined control sequence.
l.19 \usepackage
                {fontspec,xltxtra,xunicode}
The control sequence at the end of the top line
of your error message was never \def'ed. If you have
misspelled it (e.g., `\hobx'), type `I' and the correct
spelling (e.g., `I\hbox'). Otherwise just continue,
and I'll forget about whatever was undefined.

./deedy-resume.cls:22: Undefined control sequence.
l.22 \usepackage
                {cite}
The control sequence at the end of the top line
of your error message was never \def'ed. If you have
misspelled it (e.g., `\hobx'), type `I' and the correct
spelling (e.g., `I\hbox'). Otherwise just continue,
and I'll forget about whatever was undefined.

./deedy-resume.cls:23: Undefined control sequence.
l.23 \renewcommand
                  \refname{\vskip -1.5cm}
The control sequence at the end of the top line
of your error message was never \def'ed. If you have
misspelled it (e.g., `\hobx'), type `I' and the correct
spelling (e.g., `I\hbox'). Otherwise just continue,
and I'll forget about whatever was undefined.

./deedy-resume.cls:23: Undefined control sequence.
l.23 \renewcommand\refname
                          {\vskip -1.5cm}
The control sequence at the end of the top line
of your error message was never \def'ed. If you have
misspelled it (e.g., `\hobx'), type `I' and the correct
spelling (e.g., `I\hbox'). Otherwise just continue,
and I'll forget about whatever was undefined.

./deedy-resume.cls:26: Undefined control sequence.
l.26 \definecolor
                 {date}{HTML}{666666}
The control sequence at the end of the top line
of your error message was never \def'ed. If you have
misspelled it (e.g., `\hobx'), type `I' and the correct
spelling (e.g., `I\hbox'). Otherwise just continue,
and I'll forget about whatever was undefined.

./deedy-resume.cls:27: Undefined control sequence.
l.27 \definecolor
                 {primary}{HTML}{2b2b2b}
The control sequence at the end of the top line
of your error message was never \def'ed. If you have
misspelled it (e.g., `\hobx'), type `I' and the correct
spelling (e.g., `I\hbox'). Otherwise just continue,
and I'll forget about whatever was undefined.

./deedy-resume.cls:28: Undefined control sequence.
l.28 \definecolor
                 {headings}{HTML}{6A6A6A}
The control sequence at the end of the top line
of your error message was never \def'ed. If you have
misspelled it (e.g., `\hobx'), type `I' and the correct
spelling (e.g., `I\hbox'). Otherwise just continue,
and I'll forget about whatever was undefined.

./deedy-resume.cls:29: Undefined control sequence.
l.29 \definecolor
                 {subheadings}{HTML}{333333}
The control sequence at the end of the top line
of your error message was never \def'ed. If you have
misspelled it (e.g., `\hobx'), type `I' and the correct
spelling (e.g., `I\hbox'). Otherwise just continue,
and I'll forget about whatever was undefined.

./deedy-resume.cls:32: Undefined control sequence.
l.32 \defaultfontfeatures
                         {Mapping=tex-text}
The control sequence at the end of the top line
of your error message was never \def'ed. If you have
misspelled it (e.g., `\hobx'), type `I' and the correct
spelling (e.g., `I\hbox'). Otherwise just continue,
and I'll forget about whatever was undefined.

./deedy-resume.cls:33: Undefined control sequence.
l.33 \setmainfont
                 [Color=primary]{Helvetica Light}
The control sequence at the end of the top line
of your error message was never \def'ed. If you have
misspelled it (e.g., `\hobx'), type `I' and the correct
spelling (e.g., `I\hbox'). Otherwise just continue,
and I'll forget about whatever was undefined.

./deedy-resume.cls:34: Undefined control sequence.
l.34 \setsansfont
                 [Scale=MatchLowercase,Mapping=tex-text]{Helvetica Neue Ultr...
The control sequence at the end of the top line
of your error message was never \def'ed. If you have
misspelled it (e.g., `\hobx'), type `I' and the correct
spelling (e.g., `I\hbox'). Otherwise just continue,
and I'll forget about whatever was undefined.


Overfull \hbox (4.5793pt too wide) in paragraph at lines 32--35
[]\tenrm Mapping=tex-text [Color=primary]Helvetica Light [Scale=MatchLowercase,Mapping=tex-text]Helvetica|

\hbox(7.5+2.5)x469.75499, glue set - 1.0
.\hbox(0.0+0.0)x20.0
.\tenrm M
.\tenrm a
.\tenrm p
.\tenrm p
.etc.

./deedy-resume.cls:37: Undefined control sequence.
l.37 \setlength
               {\TPHorizModule}{1mm}
The control sequence at the end of the top line
of your error message was never \def'ed. If you have
misspelled it (e.g., `\hobx'), type `I' and the correct
spelling (e.g., `I\hbox'). Otherwise just continue,
and I'll forget about whatever was undefined.

./deedy-resume.cls:37: Undefined control sequence.
l.37 \setlength{\TPHorizModule
                              }{1mm}
The control sequence at the end of the top line
of your error message was never \def'ed. If you have
misspelled it (e.g., `\hobx'), type `I' and the correct
spelling (e.g., `I\hbox'). Otherwise just continue,
and I'll forget about whatever was undefined.

./deedy-resume.cls:38: Undefined control sequence.
l.38 \setlength
               {\TPVertModule}{1mm}
The control sequence at the end of the top line
of your error message was never \def'ed. If you have
misspelled it (e.g., `\hobx'), type `I' and the correct
spelling (e.g., `I\hbox'). Otherwise just continue,
and I'll forget about whatever was undefined.

./deedy-resume.cls:38: Undefined control sequence.
l.38 \setlength{\TPVertModule
                             }{1mm}
The control sequence at the end of the top line
of your error message was never \def'ed. If you have
misspelled it (e.g., `\hobx'), type `I' and the correct
spelling (e.g., `I\hbox'). Otherwise just continue,
and I'll forget about whatever was undefined.

./deedy-resume.cls:39: Undefined control sequence.
l.39 \textblockorigin
                     {0mm}{5mm} % start everyth
The control sequence at the end of the top line
of your error message was never \def'ed. If you have
misspelled it (e.g., `\hobx'), type `I' and the correct
spelling (e.g., `I\hbox'). Otherwise just continue,
and I'll forget about whatever was undefined.

./deedy-resume.cls:40: Undefined control sequence.
l.40 \newcommand
                {\lastupdated}{\begin{textblock}{60}(155,0)
The control sequence at the end of the top line
of your error message was never \def'ed. If you have
misspelled it (e.g., `\hobx'), type `I' and the correct
spelling (e.g., `I\hbox'). Otherwise just continue,
and I'll forget about whatever was undefined.

./deedy-resume.cls:40: Undefined control sequence.
l.40 \newcommand{\lastupdated
                             }{\begin{textblock}{60}(155,0)
The control sequence at the end of the top line
of your error message was never \def'ed. If you have
misspelled it (e.g., `\hobx'), type `I' and the correct
spelling (e.g., `I\hbox'). Otherwise just continue,
and I'll forget about whatever was undefined.

./deedy-resume.cls:40: Undefined control sequence.
l.40 \newcommand{\lastupdated}{\begin
                                     {textblock}{60}(155,0)
The control sequence at the end of the top line
of your error message was never \def'ed. If you have
misspelled it (e.g., `\hobx'), type `I' and the correct
spelling (e.g., `I\hbox'). Otherwise just continue,
and I'll forget about whatever was undefined.

./deedy-resume.cls:41: Undefined control sequence.
l.41 \color
           {date}\fontspec{Helvetica Neue Light}\fontsize{8pt}{10pt}\selectfont
The control sequence at the end of the top line
of your error message was never \def'ed. If you have
misspelled it (e.g., `\hobx'), type `I' and the correct
spelling (e.g., `I\hbox'). Otherwise just continue,
and I'll forget about whatever was undefined.

./deedy-resume.cls:41: Undefined control sequence.
l.41 \color{date}\fontspec
                          {Helvetica Neue Light}\fontsize{8pt}{10pt}\selectfont
The control sequence at the end of the top line
of your error message was never \def'ed. If you have
misspelled it (e.g., `\hobx'), type `I' and the correct
spelling (e.g., `I\hbox'). Otherwise just continue,
and I'll forget about whatever was undefined.

./deedy-resume.cls:41: Undefined control sequence.
l.41 ...e}\fontspec{Helvetica Neue Light}\fontsize
                                                  {8pt}{10pt}\selectfont
The control sequence at the end of the top line
of your error message was never \def'ed. If you have
misspelled it (e.g., `\hobx'), type `I' and the correct
spelling (e.g., `I\hbox'). Otherwise just continue,
and I'll forget about whatever was undefined.

./deedy-resume.cls:41: Undefined control sequence.
l.41 ...Neue Light}\fontsize{8pt}{10pt}\selectfont
                                                  
The control sequence at the end of the top line
of your error message was never \def'ed. If you have
misspelled it (e.g., `\hobx'), type `I' and the correct
spelling (e.g., `I\hbox'). Otherwise just continue,
and I'll forget about whatever was undefined.

./deedy-resume.cls:43: Undefined control sequence.
l.43 \today
           
The control sequence at the end of the top line
of your error message was never \def'ed. If you have
misspelled it (e.g., `\hobx'), type `I' and the correct
spelling (e.g., `I\hbox'). Otherwise just continue,
and I'll forget about whatever was undefined.

[1] )
(\end occurred inside a group at level 1)

### simple group (level 1) entered at line 40 ({)
### bottom level
Output written on /Users/kuang/code/resume/MacFonts/.texpadtmp/deedy-resume.pdf (1 page).
